<?xml version="1.0" encoding="UTF-8"?>
<!-- Generated by org.testng.reporters.JUnitReportReporter -->
<testsuite skipped="0" hostname="ADMIN-PC" name="selenium.com.day8.TestngAnnotation" tests="2" failures="0" timestamp="10 Jun 2018 12:44:29 GMT" time="0.012" errors="0">
  <testcase name="testCase1" time="0.004" classname="selenium.com.day8.TestngAnnotation"/>
  <testcase name="aestCase2" time="0.008" classname="selenium.com.day8.TestngAnnotation"/>
</testsuite> <!-- selenium.com.day8.TestngAnnotation -->
