<?xml version="1.0" encoding="UTF-8"?>
<!-- Generated by org.testng.reporters.JUnitReportReporter -->
<testsuite skipped="0" hostname="ADMIN-PC" name="selenium.com.day6.All_Annotation" tests="12" failures="0" timestamp="04 Aug 2018 01:41:10 GMT" time="0.264" errors="0">
  <testcase name="testcase1" time="0.011" classname="selenium.com.day6.All_Annotation"/>
  <testcase name="testcase2" time="0.054" classname="selenium.com.day6.All_Annotation"/>
  <testcase name="testcase2" time="0.003" classname="selenium.com.day6.All_Annotation"/>
  <testcase name="testcase2" time="0.044" classname="selenium.com.day6.All_Annotation"/>
  <testcase name="testcase2" time="0.002" classname="selenium.com.day6.All_Annotation"/>
  <testcase name="testcase2" time="0.032" classname="selenium.com.day6.All_Annotation"/>
  <testcase name="testcase2" time="0.006" classname="selenium.com.day6.All_Annotation"/>
  <testcase name="testcase2" time="0.005" classname="selenium.com.day6.All_Annotation"/>
  <testcase name="testcase2" time="0.010" classname="selenium.com.day6.All_Annotation"/>
  <testcase name="testcase2" time="0.056" classname="selenium.com.day6.All_Annotation"/>
  <testcase name="testcase2" time="0.033" classname="selenium.com.day6.All_Annotation"/>
  <testcase name="testcase3" time="0.008" classname="selenium.com.day6.All_Annotation"/>
</testsuite> <!-- selenium.com.day6.All_Annotation -->
