<?xml version="1.0" encoding="UTF-8"?>
<!-- Generated by org.testng.reporters.JUnitReportReporter -->
<testsuite skipped="0" hostname="ADMIN-PC" name="selenium.com.day9.Ebay_TestNG_GetScreenShot" tests="5" failures="0" timestamp="26 Jun 2018 11:20:34 GMT" time="58.118" errors="0">
  <testcase name="browserProperty" time="1.274" classname="selenium.com.day9.Ebay_TestNG_GetScreenShot"/>
  <testcase name="navigatePage" time="16.533" classname="selenium.com.day9.Ebay_TestNG_GetScreenShot"/>
  <testcase name="getPageInfo" time="1.021" classname="selenium.com.day9.Ebay_TestNG_GetScreenShot"/>
  <testcase name="searchProduct" time="6.770" classname="selenium.com.day9.Ebay_TestNG_GetScreenShot"/>
  <testcase name="getList" time="32.520" classname="selenium.com.day9.Ebay_TestNG_GetScreenShot"/>
</testsuite> <!-- selenium.com.day9.Ebay_TestNG_GetScreenShot -->
